Running SLURM prolog script on ruby053.cluster.local
===============================================================================
Job started on Thu Jul 23 14:01:51 BST 2026
Job ID          : 1298164
Job name        : lbfgs-RPO-p1
WorkDir         : /iridisfs/home/mh4f26/Open-Kolmogorov-Flow-Iridis
Command         : /iridisfs/home/mh4f26/Open-Kolmogorov-Flow-Iridis/slurm/reconverge_all_RPOs_lbfgs_p1_array.slurm
Partition       : amd_student
Num hosts       : 1
Num cores       : 2
Num of tasks    : 1
Hosts allocated : ruby053
Job Output Follows ...
===============================================================================
==== L-BFGS RPO p1  |  task 43  |  Thu Jul 23 14:01:52 BST 2026 ====
args.perturbation_pct = 1.0
args.manifest_path = "/home/mh4f26/Open-Kolmogorov-Flow-Iridis/initial_conditions/perturbed/perturbation_RPOs_p001.csv"
args.max_test = 1
args.start_index = 43
Manifest has 89 entries; processing entries 43-43 (1 total).

Setting up OKF dynamics for L-BFGS RPO (Re=40.0, n=33, m=49, Δt=0.005)...
Dynamics ready.

[ 1/1] tmpcwKcDP_perturbed_p001  N=4  T_csv=52.44  ...   Running gradient FD check...
ERROR: MethodError(similar, (Matrix{ComplexF64}, (0:99, 0:50)), 0x00000000000097a8)

======================================================================
  Done.
  Converged : 0 / 1
  Failed    : 0 / 1
  Errors    : 1 / 1
  Results   : /home/mh4f26/Open-Kolmogorov-Flow-Iridis/output/reconverge_all_RPOs/lbfgs/lbfgs_RPO_results_0043.csv
  Solutions : /home/mh4f26/Open-Kolmogorov-Flow-Iridis/output/reconverge_all_RPOs/lbfgs
======================================================================
Done at Thu Jul 23 14:02:25 BST 2026
==============================================================================
Running epilogue script on ruby053.

Submit time  : 2026-07-23T14:01:07
Start time   : 2026-07-23T14:01:51
End time     : 2026-07-23T14:02:25
Elapsed time : 00:00:34 (Timelimit=06:00:00)

Job ID: 1298164
Array Job ID: 1298121_43
Cluster: iridis_x
User/Group: mh4f26/mm
State: COMPLETED (exit code 0)
Nodes: 1
Cores per node: 2
CPU Utilized: 00:00:40
CPU Efficiency: 58.82% of 00:01:08 core-walltime
Job Wall-clock time: 00:00:34
Memory Utilized: 2.60 GB
Memory Efficiency: 32.54% of 8.00 GB (8.00 GB/node)

